2025-07-19 14:01:33,464 ERROR frappe New Exception collected in error log
Site: excellminds.local
Form Dict: {}
2025-07-19 14:01:35,942 ERROR frappe New Exception collected in error log
Site: excellminds.local
Form Dict: {}
2025-07-19 14:01:37,050 ERROR frappe New Exception collected in error log
Site: excellminds.local
Form Dict: {}
2025-07-19 14:05:59,640 ERROR frappe New Exception collected in error log
Site: excellminds.local
Form Dict: {}
2025-07-19 14:06:01,138 ERROR frappe New Exception collected in error log
Site: excellminds.local
Form Dict: {}
2025-07-19 14:24:20,267 ERROR frappe New Exception collected in error log
Site: excellminds.local
Form Dict: {}
2025-07-19 14:24:21,807 ERROR frappe New Exception collected in error log
Site: excellminds.local
Form Dict: {}
2025-07-19 14:24:23,409 ERROR frappe New Exception collected in error log
Site: excellminds.local
Form Dict: {}
2025-07-19 14:24:25,431 ERROR frappe New Exception collected in error log
Site: excellminds.local
Form Dict: {}
2025-07-19 14:26:38,073 ERROR frappe New Exception collected in error log
Site: excellminds.local
Form Dict: {}
2025-07-19 14:26:39,685 ERROR frappe New Exception collected in error log
Site: excellminds.local
Form Dict: {}
2025-07-19 14:26:45,364 ERROR frappe New Exception collected in error log
Site: excellminds.local
Form Dict: {}
2025-07-19 14:26:48,100 ERROR frappe New Exception collected in error log
Site: excellminds.local
Form Dict: {}
2025-07-19 14:26:57,278 ERROR frappe New Exception collected in error log
Site: excellminds.local
Form Dict: {}
2025-07-19 14:42:41,329 ERROR frappe Could not take error snapshot: No module named 'rutuja_app'
Site: excellminds.local
Form Dict: {}
Traceback (most recent call last):
  File "/home/excellminds/erpnext/frappe-bench/apps/frappe/frappe/app.py", line 100, in application
    init_request(request)
  File "/home/excellminds/erpnext/frappe-bench/apps/frappe/frappe/app.py", line 173, in init_request
    frappe.init(site=site, sites_path=_sites_path, force=True)
  File "/home/excellminds/erpnext/frappe-bench/apps/frappe/frappe/__init__.py", line 258, in init
    setup_module_map(include_all_apps=not (frappe.request or frappe.job or frappe.flags.in_migrate))
  File "/home/excellminds/erpnext/frappe-bench/apps/frappe/frappe/__init__.py", line 1658, in setup_module_map
    for module in get_module_list(app):
  File "/home/excellminds/erpnext/frappe-bench/apps/frappe/frappe/__init__.py", line 1506, in get_module_list
    return get_file_items(get_app_path(app_name, "modules.txt"))
  File "/home/excellminds/erpnext/frappe-bench/apps/frappe/frappe/__init__.py", line 1471, in get_app_path
    return get_pymodule_path(app_name, *joins)
  File "/home/excellminds/erpnext/frappe-bench/apps/frappe/frappe/__init__.py", line 1501, in get_pymodule_path
    return abspath(join(dirname(get_module(scrub(modulename)).__file__ or ""), *joins))
  File "/home/excellminds/erpnext/frappe-bench/apps/frappe/frappe/__init__.py", line 1442, in get_module
    return importlib.import_module(modulename)
  File "/usr/lib/python3.10/importlib/__init__.py", line 126, in import_module
    return _bootstrap._gcd_import(name[level:], package, level)
  File "<frozen importlib._bootstrap>", line 1050, in _gcd_import
  File "<frozen importlib._bootstrap>", line 1027, in _find_and_load
  File "<frozen importlib._bootstrap>", line 1004, in _find_and_load_unlocked
ModuleNotFoundError: No module named 'rutuja_app'

During handling of the above exception, another exception occurred:

Traceback (most recent call last):
  File "/home/excellminds/erpnext/frappe-bench/apps/frappe/frappe/utils/error.py", line 86, in log_error_snapshot
    log_error(title=str(exception), defer_insert=True)
  File "/home/excellminds/erpnext/frappe-bench/apps/frappe/frappe/utils/error.py", line 61, in log_error
    error_log = frappe.get_doc(
  File "/home/excellminds/erpnext/frappe-bench/apps/frappe/frappe/__init__.py", line 1305, in get_doc
    return frappe.model.document.get_doc(*args, **kwargs)
  File "/home/excellminds/erpnext/frappe-bench/apps/frappe/frappe/model/document.py", line 83, in get_doc
    controller = get_controller(doctype)
  File "/home/excellminds/erpnext/frappe-bench/apps/frappe/frappe/model/base_document.py", line 67, in get_controller
    return import_controller(doctype)
  File "/home/excellminds/erpnext/frappe-bench/apps/frappe/frappe/model/base_document.py", line 89, in import_controller
    class_overrides = frappe.get_hooks("override_doctype_class")
  File "/home/excellminds/erpnext/frappe-bench/apps/frappe/frappe/__init__.py", line 1607, in get_hooks
    hooks = _dict(_load_app_hooks())
  File "/home/excellminds/erpnext/frappe-bench/apps/frappe/frappe/utils/caching.py", line 47, in wrapper
    return func(*args, **kwargs)
  File "/home/excellminds/erpnext/frappe-bench/apps/frappe/frappe/__init__.py", line 1576, in _load_app_hooks
    app_hooks = get_module(f"{app}.hooks")
  File "/home/excellminds/erpnext/frappe-bench/apps/frappe/frappe/__init__.py", line 1442, in get_module
    return importlib.import_module(modulename)
  File "/usr/lib/python3.10/importlib/__init__.py", line 126, in import_module
    return _bootstrap._gcd_import(name[level:], package, level)
  File "<frozen importlib._bootstrap>", line 1050, in _gcd_import
  File "<frozen importlib._bootstrap>", line 1027, in _find_and_load
  File "<frozen importlib._bootstrap>", line 992, in _find_and_load_unlocked
  File "<frozen importlib._bootstrap>", line 241, in _call_with_frames_removed
  File "<frozen importlib._bootstrap>", line 1050, in _gcd_import
  File "<frozen importlib._bootstrap>", line 1027, in _find_and_load
  File "<frozen importlib._bootstrap>", line 1004, in _find_and_load_unlocked
ModuleNotFoundError: No module named 'rutuja_app'
2025-07-19 14:42:42,929 ERROR frappe Could not take error snapshot: No module named 'rutuja_app'
Site: excellminds.local
Form Dict: {}
Traceback (most recent call last):
  File "/home/excellminds/erpnext/frappe-bench/apps/frappe/frappe/app.py", line 100, in application
    init_request(request)
  File "/home/excellminds/erpnext/frappe-bench/apps/frappe/frappe/app.py", line 173, in init_request
    frappe.init(site=site, sites_path=_sites_path, force=True)
  File "/home/excellminds/erpnext/frappe-bench/apps/frappe/frappe/__init__.py", line 258, in init
    setup_module_map(include_all_apps=not (frappe.request or frappe.job or frappe.flags.in_migrate))
  File "/home/excellminds/erpnext/frappe-bench/apps/frappe/frappe/__init__.py", line 1658, in setup_module_map
    for module in get_module_list(app):
  File "/home/excellminds/erpnext/frappe-bench/apps/frappe/frappe/__init__.py", line 1506, in get_module_list
    return get_file_items(get_app_path(app_name, "modules.txt"))
  File "/home/excellminds/erpnext/frappe-bench/apps/frappe/frappe/__init__.py", line 1471, in get_app_path
    return get_pymodule_path(app_name, *joins)
  File "/home/excellminds/erpnext/frappe-bench/apps/frappe/frappe/__init__.py", line 1501, in get_pymodule_path
    return abspath(join(dirname(get_module(scrub(modulename)).__file__ or ""), *joins))
  File "/home/excellminds/erpnext/frappe-bench/apps/frappe/frappe/__init__.py", line 1442, in get_module
    return importlib.import_module(modulename)
  File "/usr/lib/python3.10/importlib/__init__.py", line 126, in import_module
    return _bootstrap._gcd_import(name[level:], package, level)
  File "<frozen importlib._bootstrap>", line 1050, in _gcd_import
  File "<frozen importlib._bootstrap>", line 1027, in _find_and_load
  File "<frozen importlib._bootstrap>", line 1004, in _find_and_load_unlocked
ModuleNotFoundError: No module named 'rutuja_app'

During handling of the above exception, another exception occurred:

Traceback (most recent call last):
  File "/home/excellminds/erpnext/frappe-bench/apps/frappe/frappe/utils/error.py", line 86, in log_error_snapshot
    log_error(title=str(exception), defer_insert=True)
  File "/home/excellminds/erpnext/frappe-bench/apps/frappe/frappe/utils/error.py", line 61, in log_error
    error_log = frappe.get_doc(
  File "/home/excellminds/erpnext/frappe-bench/apps/frappe/frappe/__init__.py", line 1305, in get_doc
    return frappe.model.document.get_doc(*args, **kwargs)
  File "/home/excellminds/erpnext/frappe-bench/apps/frappe/frappe/model/document.py", line 83, in get_doc
    controller = get_controller(doctype)
  File "/home/excellminds/erpnext/frappe-bench/apps/frappe/frappe/model/base_document.py", line 67, in get_controller
    return import_controller(doctype)
  File "/home/excellminds/erpnext/frappe-bench/apps/frappe/frappe/model/base_document.py", line 89, in import_controller
    class_overrides = frappe.get_hooks("override_doctype_class")
  File "/home/excellminds/erpnext/frappe-bench/apps/frappe/frappe/__init__.py", line 1607, in get_hooks
    hooks = _dict(_load_app_hooks())
  File "/home/excellminds/erpnext/frappe-bench/apps/frappe/frappe/utils/caching.py", line 47, in wrapper
    return func(*args, **kwargs)
  File "/home/excellminds/erpnext/frappe-bench/apps/frappe/frappe/__init__.py", line 1576, in _load_app_hooks
    app_hooks = get_module(f"{app}.hooks")
  File "/home/excellminds/erpnext/frappe-bench/apps/frappe/frappe/__init__.py", line 1442, in get_module
    return importlib.import_module(modulename)
  File "/usr/lib/python3.10/importlib/__init__.py", line 126, in import_module
    return _bootstrap._gcd_import(name[level:], package, level)
  File "<frozen importlib._bootstrap>", line 1050, in _gcd_import
  File "<frozen importlib._bootstrap>", line 1027, in _find_and_load
  File "<frozen importlib._bootstrap>", line 992, in _find_and_load_unlocked
  File "<frozen importlib._bootstrap>", line 241, in _call_with_frames_removed
  File "<frozen importlib._bootstrap>", line 1050, in _gcd_import
  File "<frozen importlib._bootstrap>", line 1027, in _find_and_load
  File "<frozen importlib._bootstrap>", line 1004, in _find_and_load_unlocked
ModuleNotFoundError: No module named 'rutuja_app'
2025-07-19 14:42:44,362 ERROR frappe Could not take error snapshot: No module named 'rutuja_app'
Site: excellminds.local
Form Dict: {}
Traceback (most recent call last):
  File "/home/excellminds/erpnext/frappe-bench/apps/frappe/frappe/app.py", line 100, in application
    init_request(request)
  File "/home/excellminds/erpnext/frappe-bench/apps/frappe/frappe/app.py", line 173, in init_request
    frappe.init(site=site, sites_path=_sites_path, force=True)
  File "/home/excellminds/erpnext/frappe-bench/apps/frappe/frappe/__init__.py", line 258, in init
    setup_module_map(include_all_apps=not (frappe.request or frappe.job or frappe.flags.in_migrate))
  File "/home/excellminds/erpnext/frappe-bench/apps/frappe/frappe/__init__.py", line 1658, in setup_module_map
    for module in get_module_list(app):
  File "/home/excellminds/erpnext/frappe-bench/apps/frappe/frappe/__init__.py", line 1506, in get_module_list
    return get_file_items(get_app_path(app_name, "modules.txt"))
  File "/home/excellminds/erpnext/frappe-bench/apps/frappe/frappe/__init__.py", line 1471, in get_app_path
    return get_pymodule_path(app_name, *joins)
  File "/home/excellminds/erpnext/frappe-bench/apps/frappe/frappe/__init__.py", line 1501, in get_pymodule_path
    return abspath(join(dirname(get_module(scrub(modulename)).__file__ or ""), *joins))
  File "/home/excellminds/erpnext/frappe-bench/apps/frappe/frappe/__init__.py", line 1442, in get_module
    return importlib.import_module(modulename)
  File "/usr/lib/python3.10/importlib/__init__.py", line 126, in import_module
    return _bootstrap._gcd_import(name[level:], package, level)
  File "<frozen importlib._bootstrap>", line 1050, in _gcd_import
  File "<frozen importlib._bootstrap>", line 1027, in _find_and_load
  File "<frozen importlib._bootstrap>", line 1004, in _find_and_load_unlocked
ModuleNotFoundError: No module named 'rutuja_app'

During handling of the above exception, another exception occurred:

Traceback (most recent call last):
  File "/home/excellminds/erpnext/frappe-bench/apps/frappe/frappe/utils/error.py", line 86, in log_error_snapshot
    log_error(title=str(exception), defer_insert=True)
  File "/home/excellminds/erpnext/frappe-bench/apps/frappe/frappe/utils/error.py", line 61, in log_error
    error_log = frappe.get_doc(
  File "/home/excellminds/erpnext/frappe-bench/apps/frappe/frappe/__init__.py", line 1305, in get_doc
    return frappe.model.document.get_doc(*args, **kwargs)
  File "/home/excellminds/erpnext/frappe-bench/apps/frappe/frappe/model/document.py", line 83, in get_doc
    controller = get_controller(doctype)
  File "/home/excellminds/erpnext/frappe-bench/apps/frappe/frappe/model/base_document.py", line 67, in get_controller
    return import_controller(doctype)
  File "/home/excellminds/erpnext/frappe-bench/apps/frappe/frappe/model/base_document.py", line 89, in import_controller
    class_overrides = frappe.get_hooks("override_doctype_class")
  File "/home/excellminds/erpnext/frappe-bench/apps/frappe/frappe/__init__.py", line 1607, in get_hooks
    hooks = _dict(_load_app_hooks())
  File "/home/excellminds/erpnext/frappe-bench/apps/frappe/frappe/utils/caching.py", line 47, in wrapper
    return func(*args, **kwargs)
  File "/home/excellminds/erpnext/frappe-bench/apps/frappe/frappe/__init__.py", line 1576, in _load_app_hooks
    app_hooks = get_module(f"{app}.hooks")
  File "/home/excellminds/erpnext/frappe-bench/apps/frappe/frappe/__init__.py", line 1442, in get_module
    return importlib.import_module(modulename)
  File "/usr/lib/python3.10/importlib/__init__.py", line 126, in import_module
    return _bootstrap._gcd_import(name[level:], package, level)
  File "<frozen importlib._bootstrap>", line 1050, in _gcd_import
  File "<frozen importlib._bootstrap>", line 1027, in _find_and_load
  File "<frozen importlib._bootstrap>", line 992, in _find_and_load_unlocked
  File "<frozen importlib._bootstrap>", line 241, in _call_with_frames_removed
  File "<frozen importlib._bootstrap>", line 1050, in _gcd_import
  File "<frozen importlib._bootstrap>", line 1027, in _find_and_load
  File "<frozen importlib._bootstrap>", line 1004, in _find_and_load_unlocked
ModuleNotFoundError: No module named 'rutuja_app'
